#
# There is insufficient memory for the Java Runtime Environment to continue.
# Native memory allocation (mmap) failed to map 201326592 bytes. Error detail: G1 virtual space
# Possible reasons:
#   The system is out of physical RAM or swap space
#   This process is running with CompressedOops enabled, and the Java Heap may be blocking the growth of the native heap
# Possible solutions:
#   Reduce memory load on the system
#   Increase physical memory or swap space
#   Check if swap backing store is full
#   Decrease Java heap size (-Xmx/-Xms)
#   Decrease number of Java threads
#   Decrease Java thread stack sizes (-Xss)
#   Set larger code cache with -XX:ReservedCodeCacheSize=
#   JVM is running with Zero Based Compressed Oops mode in which the Java heap is
#     placed in the first 32GB address space. The Java Heap base address is the
#     maximum limit for the native heap growth. Please use -XX:HeapBaseMinAddress
#     to set the Java Heap base and to place the Java Heap above 32GB virtual address.
# This output file may be truncated or incomplete.
#
#  Out of Memory Error (os_windows.cpp:3703), pid=876, tid=11820
#
# JRE version:  (23.0.1+11) (build )
# Java VM: OpenJDK 64-Bit Server VM (23.0.1+11-39, mixed mode, sharing, tiered, compressed oops, compressed class ptrs, g1 gc, windows-amd64)
# No core dump will be written. Minidumps are not enabled by default on client versions of Windows
#

---------------  S U M M A R Y ------------

Command Line: -javaagent:C:\Program Files\JetBrains\IntelliJ IDEA Community Edition 2024.2.4\lib\idea_rt.jar=56992:C:\Program Files\JetBrains\IntelliJ IDEA Community Edition 2024.2.4\bin -Dfile.encoding=UTF-8 -Dsun.stdout.encoding=UTF-8 -Dsun.stderr.encoding=UTF-8 Main

Host: Intel(R) Pentium(R) CPU 4417U @ 2.30GHz, 4 cores, 11G,  Windows 10 , 64 bit Build 19041 (10.0.19041.5072)
Time: Sun Dec  1 19:05:59 2024 RTZ 2 (s 10 , 64 bit Build 19041 (10.0.19041.5072) elapsed time: 0.025873 seconds (0d 0h 0m 0s)

---------------  T H R E A D  ---------------

Current thread (0x0000023a27bbc600):  JavaThread "Unknown thread" [_thread_in_vm, id=11820, stack(0x0000009b83500000,0x0000009b83600000) (1024K)]

Stack: [0x0000009b83500000,0x0000009b83600000]
Native frames: (J=compiled Java code, j=interpreted, Vv=VM code, C=native code)
V  [jvm.dll+0x6e08b9]  (no source info available)
V  [jvm.dll+0x87dc83]  (no source info available)
V  [jvm.dll+0x88010e]  (no source info available)
V  [jvm.dll+0x8807e3]  (no source info available)
V  [jvm.dll+0x27aee6]  (no source info available)
V  [jvm.dll+0x6dd1c5]  (no source info available)
V  [jvm.dll+0x6d104a]  (no source info available)
V  [jvm.dll+0x35b3ea]  (no source info available)
V  [jvm.dll+0x3637f6]  (no source info available)
V  [jvm.dll+0x34fd5e]  (no source info available)
V  [jvm.dll+0x34fff8]  (no source info available)
V  [jvm.dll+0x3289cc]  (no source info available)
V  [jvm.dll+0x32966e]  (no source info available)
V  [jvm.dll+0x844355]  (no source info available)
V  [jvm.dll+0x3b9848]  (no source info available)
V  [jvm.dll+0x82d14c]  (no source info available)
V  [jvm.dll+0x454d4e]  (no source info available)
V  [jvm.dll+0x456bd1]  (no source info available)
C  [jli.dll+0x52a3]  (no source info available)
C  [ucrtbase.dll+0x21bb2]  (no source info available)
C  [KERNEL32.DLL+0x17374]  (no source info available)
C  [ntdll.dll+0x4cc91]  (no source info available)

Lock stack of current Java thread (top to bottom):


---------------  P R O C E S S  ---------------

Threads class SMR info:
_java_thread_list=0x00007ff9ea8a3618, length=0, elements={
}

Java Threads: ( => current thread )
Total: 0

Other Threads:
  0x0000023a27c104b0 WorkerThread "GC Thread#0"                     [id=12548, stack(0x0000009b83600000,0x0000009b83700000) (1024K)]
  0x0000023a27c20480 ConcurrentGCThread "G1 Main Marker"            [id=8640, stack(0x0000009b83700000,0x0000009b83800000) (1024K)]
  0x0000023a27c21730 WorkerThread "G1 Conc#0"                       [id=7404, stack(0x0000009b83800000,0x0000009b83900000) (1024K)]

[error occurred during error reporting (printing all threads), id 0xc0000005, EXCEPTION_ACCESS_VIOLATION (0xc0000005) at pc=0x00007ff9e9febfba]
VM state: not at safepoint (not fully initialized)

VM Mutex/Monitor currently owned by a thread:  ([mutex/lock_event])
[0x00007ff9ea923a10] Heap_lock - owner thread: 0x0000023a27bbc600

Heap address: 0x0000000741c00000, size: 3044 MB, Compressed Oops mode: Zero based, Oop shift amount: 3

CDS archive(s) mapped at: [0x0000000000000000-0x0000000000000000-0x0000000000000000), size 0, SharedBaseAddress: 0x0000000800000000, ArchiveRelocationMode: 1.
Narrow klass base: 0x0000000000000000, Narrow klass shift: 0, Narrow klass range: 0x0

GC Precious Log:
 CardTable entry size: 512
 Card Set container configuration: InlinePtr #cards 4 size 8 Array Of Cards #cards 16 size 48 Howl #buckets 8 coarsen threshold 3686 Howl Bitmap #cards 512 size 80 coarsen threshold 460 Card regions per heap region 1 cards per card region 4096

Heap:
 garbage-first heap   total reserved 3117056K, committed 0K, used 0K [0x0000000741c00000, 0x0000000800000000)
  region size 2048K, 0 young (0K), 0 survivors (0K)

[error occurred during error reporting (printing heap information), id 0xc0000005, EXCEPTION_ACCESS_VIOLATION (0xc0000005) at pc=0x00007ff9ea3ec3c9]
GC Heap History (0 events):
No events

Dll operation events (1 events):
Event: 0.016 Loaded shared library C:\Users\Asus\.jdks\openjdk-23.0.1\bin\java.dll

Deoptimization events (0 events):
No events

Classes loaded (0 events):
No events

Classes unloaded (0 events):
No events

Classes redefined (0 events):
No events

Internal exceptions (0 events):
No events

VM Operations (0 events):
No events

Memory protections (0 events):
No events

Nmethod flushes (0 events):
No events

Events (0 events):
No events


Dynamic libraries:
0x00007ff76d9b0000 - 0x00007ff76d9be000 	C:\Users\Asus\.jdks\openjdk-23.0.1\bin\java.exe
0x00007ffa44790000 - 0x00007ffa44988000 	C:\Windows\SYSTEM32\ntdll.dll
0x00007ffa43b60000 - 0x00007ffa43c22000 	C:\Windows\System32\KERNEL32.DLL
0x00007ffa420b0000 - 0x00007ffa423ae000 	C:\Windows\System32\KERNELBASE.dll
0x00007ffa42470000 - 0x00007ffa42570000 	C:\Windows\System32\ucrtbase.dll
0x00007ffa2cc30000 - 0x00007ffa2cc4b000 	C:\Users\Asus\.jdks\openjdk-23.0.1\bin\VCRUNTIME140.dll
0x00007ffa2cc10000 - 0x00007ffa2cc27000 	C:\Users\Asus\.jdks\openjdk-23.0.1\bin\jli.dll
0x00007ffa42b90000 - 0x00007ffa42d2d000 	C:\Windows\System32\USER32.dll
0x00007ffa2a5f0000 - 0x00007ffa2a88a000 	C:\Windows\WinSxS\amd64_microsoft.windows.common-controls_6595b64144ccf1df_6.0.19041.4355_none_60b8b9eb71f62e16\COMCTL32.dll
0x00007ffa42780000 - 0x00007ffa427a2000 	C:\Windows\System32\win32u.dll
0x00007ffa44510000 - 0x00007ffa4453b000 	C:\Windows\System32\GDI32.dll
0x00007ffa42a40000 - 0x00007ffa42ade000 	C:\Windows\System32\msvcrt.dll
0x00007ffa41e60000 - 0x00007ffa41f77000 	C:\Windows\System32\gdi32full.dll
0x00007ffa41f80000 - 0x00007ffa4201d000 	C:\Windows\System32\msvcp_win.dll
0x00007ffa44440000 - 0x00007ffa4446f000 	C:\Windows\System32\IMM32.DLL
0x00007ffa3f0f0000 - 0x00007ffa3f0fc000 	C:\Users\Asus\.jdks\openjdk-23.0.1\bin\vcruntime140_1.dll
0x00007ffa2a010000 - 0x00007ffa2a09e000 	C:\Users\Asus\.jdks\openjdk-23.0.1\bin\msvcp140.dll
0x00007ff9e9cb0000 - 0x00007ff9ea9ff000 	C:\Users\Asus\.jdks\openjdk-23.0.1\bin\server\jvm.dll
0x00007ffa427e0000 - 0x00007ffa42891000 	C:\Windows\System32\ADVAPI32.dll
0x00007ffa44470000 - 0x00007ffa4450f000 	C:\Windows\System32\sechost.dll
0x00007ffa438a0000 - 0x00007ffa439c3000 	C:\Windows\System32\RPCRT4.dll
0x00007ffa41e30000 - 0x00007ffa41e57000 	C:\Windows\System32\bcrypt.dll
0x00007ffa43820000 - 0x00007ffa4388b000 	C:\Windows\System32\WS2_32.dll
0x00007ffa41370000 - 0x00007ffa413bb000 	C:\Windows\SYSTEM32\POWRPROF.dll
0x00007ffa2aaa0000 - 0x00007ffa2aac7000 	C:\Windows\SYSTEM32\WINMM.dll
0x00007ffa391f0000 - 0x00007ffa391fa000 	C:\Windows\SYSTEM32\VERSION.dll
0x00007ffa41230000 - 0x00007ffa41242000 	C:\Windows\SYSTEM32\UMPDC.dll
0x00007ffa3fe90000 - 0x00007ffa3fea2000 	C:\Windows\SYSTEM32\kernel.appcore.dll
0x00007ffa3bad0000 - 0x00007ffa3bada000 	C:\Users\Asus\.jdks\openjdk-23.0.1\bin\jimage.dll
0x00007ffa3f9c0000 - 0x00007ffa3fba4000 	C:\Windows\SYSTEM32\DBGHELP.DLL
0x00007ffa2d810000 - 0x00007ffa2d844000 	C:\Windows\SYSTEM32\dbgcore.DLL
0x00007ffa42020000 - 0x00007ffa420a2000 	C:\Windows\System32\bcryptPrimitives.dll
0x00007ffa2e450000 - 0x00007ffa2e45f000 	C:\Users\Asus\.jdks\openjdk-23.0.1\bin\instrument.dll
0x00007ffa2a120000 - 0x00007ffa2a13e000 	C:\Users\Asus\.jdks\openjdk-23.0.1\bin\java.dll
0x00007ffa432c0000 - 0x00007ffa433eb000 	C:\Windows\System32\ole32.dll
0x00007ffa434c0000 - 0x00007ffa43813000 	C:\Windows\System32\combase.dll
0x00007ffa43cd0000 - 0x00007ffa4443d000 	C:\Windows\System32\SHELL32.dll

dbghelp: loaded successfully - version: 4.0.5 - missing functions: none
symbol engine: initialized successfully - sym options: 0x614 - pdb path: .;C:\Users\Asus\.jdks\openjdk-23.0.1\bin;C:\Windows\SYSTEM32;C:\Windows\WinSxS\amd64_microsoft.windows.common-controls_6595b64144ccf1df_6.0.19041.4355_none_60b8b9eb71f62e16;C:\Users\Asus\.jdks\openjdk-23.0.1\bin\server

VM Arguments:
jvm_args: -javaagent:C:\Program Files\JetBrains\IntelliJ IDEA Community Edition 2024.2.4\lib\idea_rt.jar=56992:C:\Program Files\JetBrains\IntelliJ IDEA Community Edition 2024.2.4\bin -Dfile.encoding=UTF-8 -Dsun.stdout.encoding=UTF-8 -Dsun.stderr.encoding=UTF-8 
java_command: Main
java_class_path (initial): C:\Users\Asus\IdeaProjects\homework\out\production\homework;C:\Users\Asus\.m2\repository\org\jetbrains\annotations\24.0.0\annotations-24.0.0.jar
Launcher Type: SUN_STANDARD

[Global flags]
     intx CICompilerCount                          = 3                                         {product} {ergonomic}
     uint ConcGCThreads                            = 1                                         {product} {ergonomic}
     uint G1ConcRefinementThreads                  = 4                                         {product} {ergonomic}
   size_t G1HeapRegionSize                         = 2097152                                   {product} {ergonomic}
   size_t InitialHeapSize                          = 201326592                                 {product} {ergonomic}
   size_t MarkStackSize                            = 4194304                                   {product} {ergonomic}
   size_t MarkStackSizeMax                         = 536870912                                 {product} {ergonomic}
   size_t MaxHeapSize                              = 3191865344                                {product} {ergonomic}
   size_t MinHeapDeltaBytes                        = 2097152                                   {product} {ergonomic}
   size_t MinHeapSize                              = 8388608                                   {product} {ergonomic}
    uintx NonNMethodCodeHeapSize                   = 5832704                                {pd product} {ergonomic}
    uintx NonProfiledCodeHeapSize                  = 122945536                              {pd product} {ergonomic}
    uintx ProfiledCodeHeapSize                     = 122880000                              {pd product} {ergonomic}
    uintx ReservedCodeCacheSize                    = 251658240                              {pd product} {ergonomic}
     bool SegmentedCodeCache                       = true                                      {product} {ergonomic}
   size_t SoftMaxHeapSize                          = 3191865344                             {manageable} {ergonomic}
     bool UseCompressedOops                        = true                           {product lp64_product} {ergonomic}
     bool UseG1GC                                  = true                                      {product} {ergonomic}
     bool UseLargePagesIndividualAllocation        = false                                  {pd product} {ergonomic}

Logging:
Log output configuration:
 #0: stdout all=warning uptime,level,tags foldmultilines=false
 #1: stderr all=off uptime,level,tags foldmultilines=false

Environment Variables:
PATH=C:\Program Files\Python38\Scripts\;C:\Program Files\Python38\;C:\Program Files (x86)\Intel\Intel(R) Management Engine Components\iCLS\;C:\Program Files\Intel\Intel(R) Management Engine Components\iCLS\;C:\Windows\system32;C:\Windows;C:\Windows\System32\Wbem;C:\Windows\System32\WindowsPowerShell\v1.0\;C:\Windows\System32\OpenSSH\;C:\Program Files (x86)\Intel\Intel(R) Management Engine Components\DAL;C:\Program Files\Intel\Intel(R) Management Engine Components\DAL;C:\Program Files (x86)\Intel\Intel(R) Management Engine Components\IPT;C:\Program Files\Intel\Intel(R) Management Engine Components\IPT;C:\Program Files\Git\cmd;C:\Users\Asus\AppData\Local\Programs\Python\Python311\Scripts\;C:\Users\Asus\AppData\Local\Programs\Python\Python311\;C:\Users\Asus\AppData\Local\Microsoft\WindowsApps;;C:\Program Files\JetBrains\PyCharm 2022.2.3\bin;
USERNAME=Asus
OS=Windows_NT
PROCESSOR_IDENTIFIER=Intel64 Family 6 Model 142 Stepping 10, GenuineIntel
TMP=C:\Users\Asus\AppData\Local\Temp
TEMP=C:\Users\Asus\AppData\Local\Temp




Periodic native trim disabled

---------------  S Y S T E M  ---------------

OS:
 Windows 10 , 64 bit Build 19041 (10.0.19041.5072)
OS uptime: 1 days 3:16 hours

CPU: total 4 (initial active 4) (2 cores per cpu, 2 threads per core) family 6 model 142 stepping 10 microcode 0xb4, cx8, cmov, fxsr, ht, mmx, 3dnowpref, sse, sse2, sse3, ssse3, sse4.1, sse4.2, popcnt, lzcnt, tsc, tscinvbit, aes, erms, clmul, clflush, clflushopt, rdtscp
Processor Information for the first 4 processors :
  Max Mhz: 2304, Current Mhz: 2304, Mhz Limit: 2304

Memory: 4k page, system-wide physical 12171M (2350M free)
TotalPageFile size 12171M (AvailPageFile size 114M)
current process WorkingSet (physical memory assigned to process): 11M, peak: 11M
current process commit charge ("private bytes"): 52M, peak: 244M

vm_info: OpenJDK 64-Bit Server VM (23.0.1+11-39) for windows-amd64 JRE (23.0.1+11-39), built on 2024-09-30T07:20:43Z with MS VC++ 17.6 (VS2022)

END.
